<?xml version="1.0" encoding="UTF-8"?>
<!-- Generated by org.testng.reporters.JUnitReportReporter -->
<testsuite hostname="DESKTOP-PP8RICL" failures="0" tests="1" name="testCases.TC008_VerifyHoversActions" time="1.475" errors="0" timestamp="2024-11-29T19:12:58 BDT" skipped="0">
  <testcase classname="testCases.TC008_VerifyHoversActions" name="verify_HoversActions" time="1.475"/>
</testsuite> <!-- testCases.TC008_VerifyHoversActions -->
