<?xml version="1.0" encoding="UTF-8"?>
<!-- Generated by org.testng.reporters.JUnitReportReporter -->
<testsuite hostname="DESKTOP-PP8RICL" failures="0" tests="1" name="testCases.TC005_VerifyFloatingMenuFunctionality" time="2.822" errors="0" timestamp="2024-11-20T07:12:21 BDT" skipped="0">
  <testcase classname="testCases.TC005_VerifyFloatingMenuFunctionality" name="verify_FloatingMenuFunctionality_TC005" time="2.822"/>
</testsuite> <!-- testCases.TC005_VerifyFloatingMenuFunctionality -->
