<?xml version="1.0" encoding="UTF-8"?>
<!-- Generated by org.testng.reporters.JUnitReportReporter -->
<testsuite hostname="DESKTOP-PP8RICL" failures="0" tests="3" name="testCases.TC008_VerifyFormAuthentication" time="5.241" errors="0" timestamp="2024-11-24T22:14:42 BDT" skipped="0">
  <testcase classname="testCases.TC008_VerifyFormAuthentication" name="verify_ValidLogin" time="3.297"/>
  <testcase classname="testCases.TC008_VerifyFormAuthentication" name="verify_InvalidLogin" time="0.989"/>
  <testcase classname="testCases.TC008_VerifyFormAuthentication" name="verify_BlankFieldsLogin" time="0.955"/>
</testsuite> <!-- testCases.TC008_VerifyFormAuthentication -->
