<?xml version="1.0" encoding="UTF-8"?>
<!-- Generated by org.testng.reporters.JUnitReportReporter -->
<testsuite hostname="DESKTOP-PP8RICL" failures="0" tests="1" name="testCases.TC012_VerifyInputsFunctionality" time="1.351" errors="0" timestamp="2024-12-03T15:43:58 BDT" skipped="0">
  <testcase classname="testCases.TC012_VerifyInputsFunctionality" name="verifyNumericInput" time="1.351"/>
</testsuite> <!-- testCases.TC012_VerifyInputsFunctionality -->
