<?xml version="1.0" encoding="UTF-8"?>
<!-- Generated by org.testng.reporters.JUnitReportReporter -->
<testsuite hostname="DESKTOP-PP8RICL" failures="0" tests="1" name="testCases.TC004_VerifyFileUpload" time="1.280" errors="0" timestamp="2024-12-10T16:44:29 BDT" skipped="0">
  <testcase classname="testCases.TC004_VerifyFileUpload" name="verify_FileUpload" time="1.280"/>
</testsuite> <!-- testCases.TC004_VerifyFileUpload -->
