<?xml version="1.0" encoding="UTF-8"?>
<!-- Generated by org.testng.reporters.JUnitReportReporter -->
<testsuite hostname="DESKTOP-PP8RICL" failures="0" tests="3" name="testCases.TC002_VerifyFormAuthentication" time="4.756" errors="0" timestamp="2024-12-10T16:44:29 BDT" skipped="0">
  <testcase classname="testCases.TC002_VerifyFormAuthentication" name="verify_ValidLogin" time="2.821"/>
  <testcase classname="testCases.TC002_VerifyFormAuthentication" name="verify_InvalidLogin" time="0.979"/>
  <testcase classname="testCases.TC002_VerifyFormAuthentication" name="verify_BlankFieldsLogin" time="0.956"/>
</testsuite> <!-- testCases.TC002_VerifyFormAuthentication -->
