<?xml version="1.0" encoding="UTF-8"?>
<!-- Generated by org.testng.reporters.JUnitReportReporter -->
<testsuite hostname="DESKTOP-PP8RICL" failures="0" tests="1" name="testCases.TC001_VerifyBasicAuthFunctionality" time="0.851" errors="0" timestamp="2024-12-10T16:44:29 BDT" skipped="0">
  <testcase classname="testCases.TC001_VerifyBasicAuthFunctionality" name="verify_BasicAuthFunctionality" time="0.851"/>
</testsuite> <!-- testCases.TC001_VerifyBasicAuthFunctionality -->
