<?xml version="1.0" encoding="UTF-8"?>
<!-- Generated by org.testng.reporters.JUnitReportReporter -->
<testsuite hostname="DESKTOP-PP8RICL" failures="0" tests="1" name="testCases.TC002_VerifyDragAndDrop" time="1.588" errors="0" timestamp="2024-11-18T21:33:15 BDT" skipped="0">
  <testcase classname="testCases.TC002_VerifyDragAndDrop" name="verify_DragAndDrop_TC002" time="1.588"/>
</testsuite> <!-- testCases.TC002_VerifyDragAndDrop -->
