<?xml version="1.0" encoding="UTF-8"?>
<!-- Generated by org.testng.reporters.JUnitReportReporter -->
<testsuite hostname="DESKTOP-PP8RICL" failures="0" tests="4" name="testCases.TC010_VerifyJavaScriptAlerts" time="0.889" errors="0" timestamp="2024-12-03T15:43:58 BDT" skipped="0">
  <testcase classname="testCases.TC010_VerifyJavaScriptAlerts" name="verify_JsAlert" time="0.605"/>
  <testcase classname="testCases.TC010_VerifyJavaScriptAlerts" name="verify_JsConfirmAccept" time="0.095"/>
  <testcase classname="testCases.TC010_VerifyJavaScriptAlerts" name="verify_JsConfirmDismiss" time="0.082"/>
  <testcase classname="testCases.TC010_VerifyJavaScriptAlerts" name="verify_JsPrompt" time="0.107"/>
</testsuite> <!-- testCases.TC010_VerifyJavaScriptAlerts -->
