<?xml version="1.0" encoding="UTF-8"?>
<!-- Generated by org.testng.reporters.JUnitReportReporter -->
<testsuite hostname="DESKTOP-PP8RICL" failures="0" tests="1" name="testCases.TC011_VerifyKeyPresses" time="1.056" errors="0" timestamp="2024-11-29T19:12:58 BDT" skipped="0">
  <testcase classname="testCases.TC011_VerifyKeyPresses" name="verify_KeyPresses" time="1.056"/>
</testsuite> <!-- testCases.TC011_VerifyKeyPresses -->
