<?xml version="1.0" encoding="UTF-8"?>
<!-- Generated by org.testng.reporters.JUnitReportReporter -->
<testsuite hostname="DESKTOP-PP8RICL" failures="0" tests="1" name="testCases.TC001_VerifyBasicAuthFunctionality" time="0.745" errors="0" timestamp="2024-12-03T15:43:58 BDT" skipped="0">
  <testcase classname="testCases.TC001_VerifyBasicAuthFunctionality" name="verify_BasicAuthFunctionality" time="0.745"/>
</testsuite> <!-- testCases.TC001_VerifyBasicAuthFunctionality -->
