<?xml version="1.0" encoding="UTF-8"?>
<!-- Generated by org.testng.reporters.JUnitReportReporter -->
<testsuite hostname="DESKTOP-PP8RICL" failures="0" tests="1" name="testCases.TC006_VerifyAddRemoveElements" time="21.194" errors="0" timestamp="2024-12-03T15:43:58 BDT" skipped="0">
  <testcase classname="testCases.TC006_VerifyAddRemoveElements" name="verify_AddRemoveElements" time="21.194"/>
</testsuite> <!-- testCases.TC006_VerifyAddRemoveElements -->
