<?xml version="1.0" encoding="UTF-8"?>
<!-- Generated by org.testng.reporters.JUnitReportReporter -->
<testsuite hostname="DESKTOP-PP8RICL" failures="0" tests="1" name="testCases.TC004_VerifyFileUpload" time="4.691" errors="0" timestamp="2024-11-29T19:12:58 BDT" skipped="0">
  <testcase classname="testCases.TC004_VerifyFileUpload" name="verify_FileUpload" time="4.691"/>
</testsuite> <!-- testCases.TC004_VerifyFileUpload -->
