<?xml version="1.0" encoding="UTF-8"?>
<!-- Generated by org.testng.reporters.JUnitReportReporter -->
<testsuite hostname="DESKTOP-PP8RICL" failures="0" tests="1" name="testCases.TC005_VerifyDropdownListFunctionality" time="1.124" errors="0" timestamp="2024-11-29T19:12:58 BDT" skipped="0">
  <testcase classname="testCases.TC005_VerifyDropdownListFunctionality" name="verify_DropdownList" time="1.124"/>
</testsuite> <!-- testCases.TC005_VerifyDropdownListFunctionality -->
