<?xml version="1.0" encoding="UTF-8"?>
<!-- Generated by org.testng.reporters.JUnitReportReporter -->
<testsuite hostname="DESKTOP-PP8RICL" failures="0" tests="4" name="testCases.TC009_VerifyJavaScriptAlerts" time="1.102" errors="0" timestamp="2024-11-25T07:10:09 BDT" skipped="0">
  <testcase classname="testCases.TC009_VerifyJavaScriptAlerts" name="verify_JsAlert" time="0.678"/>
  <testcase classname="testCases.TC009_VerifyJavaScriptAlerts" name="verify_JsConfirmAccept" time="0.136"/>
  <testcase classname="testCases.TC009_VerifyJavaScriptAlerts" name="verify_JsConfirmDismiss" time="0.119"/>
  <testcase classname="testCases.TC009_VerifyJavaScriptAlerts" name="verify_JsPrompt" time="0.169"/>
</testsuite> <!-- testCases.TC009_VerifyJavaScriptAlerts -->
