<?xml version="1.0" encoding="UTF-8"?>
<!-- Generated by org.testng.reporters.JUnitReportReporter -->
<testsuite hostname="DESKTOP-PP8RICL" failures="0" tests="1" name="testCases.TC007_VerifyHoversActions" time="1.338" errors="0" timestamp="2024-11-23T16:47:14 BDT" skipped="0">
  <testcase classname="testCases.TC007_VerifyHoversActions" name="verify_HoversActions_TC007" time="1.338"/>
</testsuite> <!-- testCases.TC007_VerifyHoversActions -->
