<?xml version="1.0" encoding="UTF-8"?>
<!-- Generated by org.testng.reporters.JUnitReportReporter -->
<testsuite hostname="DESKTOP-PP8RICL" failures="0" tests="1" name="testCases.TC006_DropdownListFunctionality" time="1.115" errors="0" timestamp="2024-11-22T06:58:55 BDT" skipped="0">
  <testcase classname="testCases.TC006_DropdownListFunctionality" name="verify_DropdownList_TC006" time="1.115"/>
</testsuite> <!-- testCases.TC006_DropdownListFunctionality -->
