<?xml version="1.0" encoding="UTF-8"?>
<!-- Generated by org.testng.reporters.JUnitReportReporter -->
<testsuite hostname="DESKTOP-PP8RICL" failures="0" tests="3" name="testCases.TC002_VerifyFormAuthentication" time="5.244" errors="0" timestamp="2024-11-29T19:12:58 BDT" skipped="0">
  <testcase classname="testCases.TC002_VerifyFormAuthentication" name="verify_ValidLogin" time="3.361"/>
  <testcase classname="testCases.TC002_VerifyFormAuthentication" name="verify_InvalidLogin" time="0.990"/>
  <testcase classname="testCases.TC002_VerifyFormAuthentication" name="verify_BlankFieldsLogin" time="0.893"/>
</testsuite> <!-- testCases.TC002_VerifyFormAuthentication -->
