<?xml version="1.0" encoding="UTF-8"?>
<!-- Generated by org.testng.reporters.JUnitReportReporter -->
<testsuite hostname="DESKTOP-PP8RICL" failures="0" tests="1" name="testCases.TC001_VerifyBasicAuthFunctionality" time="1.551" errors="0" timestamp="2024-11-29T18:59:22 BDT" skipped="0">
  <testcase classname="testCases.TC001_VerifyBasicAuthFunctionality" name="verify_BasicAuthFunctionality" time="1.551"/>
</testsuite> <!-- testCases.TC001_VerifyBasicAuthFunctionality -->
