<?xml version="1.0" encoding="UTF-8"?>
<!-- Generated by org.testng.reporters.JUnitReportReporter -->
<testsuite hostname="DESKTOP-PP8RICL" failures="0" tests="1" name="testCases.TC009_VerifyDragAndDrop" time="0.780" errors="0" timestamp="2024-11-29T18:59:22 BDT" skipped="0">
  <testcase classname="testCases.TC009_VerifyDragAndDrop" name="verify_DragAndDrop" time="0.780"/>
</testsuite> <!-- testCases.TC009_VerifyDragAndDrop -->
