<?xml version="1.0" encoding="UTF-8"?>
<!-- Generated by org.testng.reporters.JUnitReportReporter -->
<testsuite hostname="DESKTOP-PP8RICL" failures="0" tests="3" name="testCases.TC002_VerifyFormAuthentication" time="12.248" errors="0" timestamp="2024-11-29T18:59:22 BDT" skipped="0">
  <testcase classname="testCases.TC002_VerifyFormAuthentication" name="verify_ValidLogin" time="10.267"/>
  <testcase classname="testCases.TC002_VerifyFormAuthentication" name="verify_InvalidLogin" time="1.137"/>
  <testcase classname="testCases.TC002_VerifyFormAuthentication" name="verify_BlankFieldsLogin" time="0.844"/>
</testsuite> <!-- testCases.TC002_VerifyFormAuthentication -->
